<?xml version="1.0"?>
<testsuite name="Chrome 46.0.2490 (Linux 0.0.0)" package="" timestamp="2015-10-19T22:55:52" id="0" hostname="xcintas-GA-MA770T-UD3" tests="2" errors="0" failures="0" time="0.001">
  <properties>
    <property name="browser.fullName" value="Mozilla/5.0 (X11; Linux x86_64) AppleWebKit/537.36 (KHTML, like Gecko) Chrome/46.0.2490.71 Safari/537.36"/>
  </properties>
  <testcase name="contains spec with an expectation" time="0.001" classname="Chrome_46_0_2490_(Linux_0_0_0).A suite"/>
  <testcase name="true is true" time="0" classname="Chrome_46_0_2490_(Linux_0_0_0).A suite"/>
  <system-out>
    <![CDATA[
]]>
  </system-out>
  <system-err/>
</testsuite>